SF:lib/core/base/mixins/base_viewmodel_state_mixin.dart
DA:9,12
DA:13,3
DA:19,4
DA:20,4
DA:25,4
DA:27,4
DA:36,1
DA:37,2
DA:41,1
DA:42,2
DA:43,9
DA:44,1
DA:48,1
DA:49,1
DA:51,2
DA:52,2
DA:53,2
DA:54,0
DA:59,1
DA:60,0
DA:63,2
DA:64,9
DA:65,1
DA:70,1
DA:71,2
DA:72,1
DA:73,9
DA:74,1
LF:28
LH:26
end_of_record
SF:lib/core/base/viewmodel/base_viewmodel.dart
DA:25,4
DA:27,4
DA:28,4
DA:29,8
DA:30,8
DA:35,4
DA:37,4
DA:43,4
DA:45,4
DA:49,4
DA:51,4
DA:55,4
DA:57,4
LF:13
LH:13
end_of_record
SF:lib/product/state/primitive/docker/docker_stateless_element.dart
DA:5,1
DA:7,2
DA:10,1
DA:12,4
DA:13,4
DA:15,5
DA:17,1
DA:20,1
DA:22,2
DA:23,4
DA:24,2
DA:25,0
DA:26,0
DA:28,1
DA:32,1
DA:33,2
DA:34,5
DA:35,2
DA:36,1
DA:37,1
DA:39,0
LF:21
LH:18
end_of_record
SF:lib/core/base/dock_base/dock_base.dart
DA:7,11
LF:1
LH:1
end_of_record
SF:lib/core/base/view/base_view.dart
DA:8,2
DA:9,2
DA:10,2
DA:11,6
DA:13,0
DA:16,0
DA:19,4
DA:33,11
LF:8
LH:6
end_of_record
SF:lib/core/widget/default_appbar/default_appbar.dart
DA:5,11
DA:7,0
DA:9,0
DA:12,0
LF:4
LH:1
end_of_record
SF:lib/core/widget/state_builder/state_builder_mixin.dart
DA:9,16
DA:10,16
DA:11,3
DA:12,3
DA:13,0
DA:14,0
DA:21,3
DA:22,3
DA:23,0
DA:24,0
DA:34,3
DA:35,3
DA:36,0
DA:37,0
DA:48,3
DA:49,3
DA:50,0
DA:51,0
DA:67,4
DA:69,16
DA:70,16
DA:71,4
DA:74,4
DA:76,12
DA:77,4
DA:80,4
DA:82,12
DA:83,8
DA:84,20
DA:85,2
DA:87,2
DA:89,0
DA:92,6
DA:94,4
LF:34
LH:25
end_of_record
SF:lib/core/widget/state_builder/state_builder.dart
DA:15,4
DA:24,4
DA:25,4
DA:29,4
DA:31,4
DA:32,4
DA:33,4
DA:34,4
LF:8
LH:8
end_of_record
SF:lib/core/dock/dock_main.dart
DA:6,18
DA:15,0
DA:16,0
DA:20,4
DA:21,8
DA:27,4
DA:28,8
DA:32,1
DA:33,2
DA:37,4
LF:10
LH:8
end_of_record
SF:lib/product/state/primitive/docker/docker.dart
DA:9,1
DA:15,4
DA:17,1
DA:19,5
DA:21,1
DA:24,1
DA:26,3
LF:7
LH:7
end_of_record
SF:lib/core/locator/locator_impl.dart
DA:9,6
DA:10,6
DA:14,2
DA:15,4
DA:16,4
DA:17,2
DA:20,4
DA:21,6
DA:22,6
DA:29,2
DA:30,2
DA:31,0
DA:34,4
DA:35,6
DA:36,6
DA:41,1
DA:42,2
DA:43,2
DA:44,1
DA:47,1
DA:48,3
DA:52,2
DA:53,2
DA:54,8
DA:55,2
DA:56,8
DA:63,1
DA:65,2
DA:67,4
DA:74,4
DA:75,8
DA:76,8
DA:77,4
DA:79,12
DA:80,8
DA:81,3
DA:83,4
DA:89,6
DA:90,6
DA:91,6
DA:92,4
DA:93,3
DA:95,2
DA:99,6
DA:100,14
DA:101,12
DA:107,4
LF:47
LH:46
end_of_record
SF:lib/core/locator/locator_service.dart
DA:8,1
DA:12,1
DA:16,15
DA:21,4
DA:25,0
DA:26,0
LF:6
LH:4
end_of_record
SF:lib/product/extensions/object_extensions/object_extensions.dart
DA:4,4
DA:7,1
LF:2
LH:2
end_of_record
SF:lib/core/widget/dock_access_widget/dock_access_widget.dart
DA:6,1
DA:8,0
LF:2
LH:1
end_of_record
SF:lib/product/state/reactive/observer/observer.dart
DA:9,5
DA:13,5
DA:14,5
DA:16,5
DA:18,10
LF:5
LH:5
end_of_record
SF:lib/product/utils/logger/logger.dart
DA:11,4
DA:14,4
DA:15,0
DA:16,4
DA:17,3
DA:18,3
DA:19,0
DA:20,3
DA:21,0
DA:22,3
DA:23,0
DA:24,3
DA:25,0
DA:26,3
DA:27,0
DA:28,3
DA:29,9
LF:17
LH:11
end_of_record
SF:lib/product/extensions/collection_extensions/list_extensions/list_extensions.dart
DA:4,2
DA:7,2
DA:10,1
DA:12,1
LF:4
LH:4
end_of_record
SF:lib/product/extensions/collection_extensions/map_extensions/map_extensions.dart
DA:4,2
DA:7,2
DA:10,2
DA:12,2
DA:16,1
DA:18,1
LF:6
LH:6
end_of_record
SF:lib/product/extensions/collection_extensions/set_extensions/set_extensions.dart
DA:4,2
DA:7,2
LF:2
LH:2
end_of_record
SF:lib/product/extensions/context_extensions/context_extensions.dart
DA:8,0
DA:11,0
DA:14,0
DA:17,0
DA:20,0
DA:23,0
DA:26,0
DA:29,0
DA:32,0
DA:35,0
DA:38,0
DA:41,0
DA:44,0
DA:47,0
DA:50,0
DA:53,0
DA:56,0
DA:59,0
DA:62,0
DA:65,0
DA:68,0
DA:69,0
LF:22
LH:0
end_of_record
SF:lib/product/extensions/duration_extensions/duration_extensions.dart
DA:6,2
LF:1
LH:1
end_of_record
SF:lib/product/extensions/generic_extensions/generic_extensions.dart
DA:6,16
LF:1
LH:1
end_of_record
SF:lib/product/extensions/int_extensions/int_extensions.dart
DA:4,2
DA:7,6
DA:10,6
DA:13,2
DA:16,2
DA:19,2
LF:6
LH:6
end_of_record
SF:lib/product/state/reactive/observable/observable.dart
DA:9,8
DA:14,5
DA:15,5
DA:16,10
DA:20,5
DA:21,5
DA:22,10
DA:23,10
DA:24,5
DA:29,5
DA:30,10
DA:37,2
DA:39,2
DA:40,6
DA:41,2
DA:45,10
DA:47,5
DA:48,10
DA:55,5
DA:56,10
DA:57,5
DA:61,2
DA:63,4
DA:64,2
DA:65,2
DA:71,1
DA:72,2
DA:73,1
LF:28
LH:28
end_of_record
SF:lib/product/state/reactive/notifier/notifier.dart
DA:9,5
DA:14,10
DA:19,5
DA:20,15
DA:24,5
DA:25,10
DA:26,5
DA:27,5
DA:28,5
DA:29,5
DA:32,5
DA:37,5
DA:38,5
DA:39,5
DA:40,10
DA:41,1
DA:43,5
LF:17
LH:17
end_of_record
SF:lib/product/mixins/dock_single_ticker_provider_mixin.dart
DA:13,1
DA:16,2
DA:17,1
DA:20,0
DA:21,0
DA:22,0
DA:23,0
DA:29,1
DA:30,4
DA:31,1
DA:32,1
DA:33,1
DA:36,1
DA:39,2
DA:40,3
DA:43,0
DA:44,0
DA:45,0
DA:46,0
DA:50,0
DA:55,0
DA:57,1
DA:58,3
DA:59,1
DA:60,1
DA:65,1
DA:66,1
DA:67,4
DA:71,1
DA:72,2
DA:73,2
DA:76,1
DA:77,2
DA:78,1
LF:34
LH:24
end_of_record
SF:lib/product/mixins/dock_ticker_provider_mixin.dart
DA:13,1
DA:15,1
DA:17,1
DA:19,1
DA:20,1
DA:21,6
DA:22,2
DA:26,0
DA:27,0
DA:28,0
DA:29,0
DA:34,0
DA:35,0
DA:36,0
DA:37,0
DA:38,0
DA:43,1
DA:44,2
DA:45,2
DA:48,1
DA:49,2
DA:50,1
DA:53,1
DA:56,2
DA:57,1
DA:58,3
DA:59,1
DA:60,0
DA:61,0
DA:62,0
DA:63,0
DA:67,0
DA:72,0
DA:78,1
DA:79,3
DA:80,1
DA:81,1
DA:90,1
DA:94,0
DA:96,0
DA:97,0
LF:41
LH:23
end_of_record
SF:lib/product/state/reactive/notifier/notify_data.dart
DA:9,5
LF:1
LH:1
end_of_record
SF:lib/product/state/reactive/observer/observer_error.dart
DA:3,1
DA:5,1
LF:2
LH:2
end_of_record
SF:lib/product/state/reactive/observer/observer_stateless_element.dart
DA:11,5
DA:15,5
DA:17,10
DA:18,5
DA:21,5
DA:23,15
DA:24,5
DA:26,10
DA:27,5
DA:28,5
DA:32,2
DA:33,2
DA:34,4
DA:35,2
DA:36,2
DA:38,0
DA:43,5
DA:45,10
DA:46,15
LF:19
LH:18
end_of_record
SF:lib/product/utils/auto_resize_text/auto_resize_text.dart
DA:7,0
DA:55,0
DA:56,0
DA:57,0
DA:59,0
DA:60,0
DA:65,0
DA:67,0
DA:68,0
DA:73,0
DA:79,0
DA:80,0
DA:84,0
DA:85,0
DA:86,0
DA:88,0
DA:92,0
DA:93,0
DA:94,0
DA:95,0
DA:106,0
DA:107,0
DA:108,0
DA:109,0
DA:111,0
DA:113,0
DA:114,0
DA:115,0
DA:116,0
DA:117,0
DA:118,0
DA:119,0
DA:120,0
DA:121,0
DA:123,0
DA:125,0
DA:129,0
DA:131,0
DA:132,0
DA:133,0
DA:135,0
DA:137,0
DA:138,0
DA:139,0
DA:142,0
DA:143,0
DA:146,0
DA:150,0
DA:153,0
DA:157,0
DA:159,0
DA:160,0
DA:161,0
DA:163,0
DA:164,0
DA:165,0
DA:168,0
DA:169,0
DA:170,0
DA:172,0
DA:173,0
DA:174,0
DA:175,0
DA:176,0
DA:177,0
DA:179,0
DA:180,0
DA:181,0
DA:182,0
DA:183,0
LF:70
LH:0
end_of_record
