SF:lib/core/base/mixins/base_viewmodel_state_mixin.dart
DA:9,12
DA:13,3
DA:19,4
DA:20,4
DA:25,4
DA:27,4
DA:36,1
DA:37,2
DA:41,1
DA:42,2
DA:43,9
DA:44,1
DA:48,1
DA:49,1
DA:51,2
DA:52,2
DA:53,2
DA:54,0
DA:59,1
DA:60,0
DA:63,2
DA:64,9
DA:65,1
DA:70,1
DA:71,2
DA:72,1
DA:73,9
DA:74,1
LF:28
LH:26
end_of_record
SF:lib/core/base/viewmodel/base_viewmodel.dart
DA:23,4
DA:27,4
DA:28,4
DA:29,8
DA:30,8
DA:34,4
DA:38,4
DA:44,4
DA:48,4
DA:52,4
DA:56,4
DA:60,4
DA:64,4
LF:13
LH:13
end_of_record
SF:lib/product/state/primitive/docker/docker_stateless_element.dart
DA:5,1
DA:7,2
DA:10,1
DA:12,4
DA:13,4
DA:15,5
DA:17,1
DA:20,1
DA:22,2
DA:23,4
DA:24,2
DA:25,0
DA:26,0
DA:28,1
DA:32,1
DA:33,2
DA:34,5
DA:35,2
DA:36,1
DA:38,0
LF:20
LH:17
end_of_record
SF:lib/core/widget/state_builder/state_builder_mixin.dart
DA:9,4
DA:10,12
DA:11,16
DA:12,3
DA:13,3
DA:14,2
DA:15,3
DA:22,3
DA:23,3
DA:24,2
DA:25,3
DA:35,3
DA:36,3
DA:37,2
DA:38,3
DA:49,3
DA:50,3
DA:51,2
DA:52,3
DA:64,12
DA:65,0
DA:66,0
DA:67,0
DA:68,0
DA:70,0
DA:71,0
DA:72,0
DA:73,0
DA:74,0
DA:75,0
DA:76,0
DA:77,0
DA:78,0
DA:79,0
DA:91,4
DA:93,16
DA:94,16
DA:95,12
DA:96,4
DA:99,4
DA:101,12
DA:102,4
DA:105,4
DA:107,12
DA:108,8
DA:109,20
DA:110,2
DA:112,2
DA:114,0
DA:117,6
DA:119,4
LF:51
LH:36
end_of_record
SF:lib/core/widget/default_appbar/default_appbar.dart
DA:5,12
DA:7,0
DA:9,0
DA:12,0
LF:4
LH:1
end_of_record
SF:lib/core/base/dock_base/dock_base.dart
DA:6,11
LF:1
LH:1
end_of_record
SF:lib/core/base/view/base_view.dart
DA:8,2
DA:9,2
DA:10,2
DA:11,6
DA:13,0
DA:16,0
DA:19,4
DA:33,12
LF:8
LH:6
end_of_record
SF:lib/core/widget/state_builder/state_builder.dart
DA:6,4
DA:25,4
DA:26,4
DA:30,4
DA:32,4
DA:33,4
DA:34,4
DA:35,4
LF:8
LH:8
end_of_record
SF:lib/core/dock/dock_main.dart
DA:7,21
DA:16,0
DA:17,0
DA:21,4
DA:22,8
DA:28,4
DA:29,8
DA:33,1
DA:34,2
DA:38,4
DA:43,0
DA:53,3
DA:54,6
DA:55,3
DA:59,0
DA:60,0
DA:61,0
DA:68,0
DA:69,0
DA:70,0
LF:20
LH:11
end_of_record
SF:lib/core/locator/locator_impl.dart
DA:9,6
DA:10,6
DA:14,2
DA:15,4
DA:16,4
DA:17,2
DA:20,4
DA:21,6
DA:22,6
DA:29,2
DA:30,2
DA:31,0
DA:34,4
DA:35,6
DA:36,6
DA:41,1
DA:42,2
DA:43,2
DA:44,1
DA:47,1
DA:48,3
DA:52,2
DA:53,2
DA:54,8
DA:55,2
DA:56,8
DA:63,1
DA:65,2
DA:67,4
DA:74,4
DA:75,8
DA:76,8
DA:77,4
DA:79,12
DA:80,8
DA:81,3
DA:83,4
DA:89,6
DA:90,6
DA:91,6
DA:92,4
DA:93,3
DA:95,2
DA:99,6
DA:100,14
DA:101,12
DA:107,4
LF:47
LH:46
end_of_record
SF:lib/core/locator/locator_service.dart
DA:8,1
DA:12,1
DA:16,15
DA:21,4
DA:25,0
DA:26,0
LF:6
LH:4
end_of_record
SF:lib/product/extensions/object_extensions/object_extensions.dart
DA:4,5
DA:7,5
LF:2
LH:2
end_of_record
SF:lib/core/widget/dock_access_widget/dock_access_widget.dart
DA:6,1
DA:8,0
LF:2
LH:1
end_of_record
SF:lib/core/widget/state_builder/config/refresh_config.dart
DA:5,0
LF:1
LH:0
end_of_record
SF:lib/product/extensions/collection_extensions/list_extensions/list_extensions.dart
DA:4,2
DA:7,2
DA:10,1
DA:12,1
LF:4
LH:4
end_of_record
SF:lib/product/extensions/collection_extensions/map_extensions/map_extensions.dart
DA:4,2
DA:7,2
DA:10,2
DA:12,2
DA:16,1
DA:18,1
LF:6
LH:6
end_of_record
SF:lib/product/extensions/collection_extensions/set_extensions/set_extensions.dart
DA:4,2
DA:7,2
LF:2
LH:2
end_of_record
SF:lib/product/extensions/context_extensions/context_extensions.dart
DA:9,0
DA:12,0
DA:15,0
DA:18,0
DA:21,0
DA:24,0
DA:27,0
DA:30,0
DA:33,0
DA:36,0
DA:39,0
DA:42,0
DA:45,0
DA:48,0
DA:51,2
DA:54,2
DA:57,2
DA:60,2
DA:63,0
DA:66,0
DA:69,0
DA:72,0
DA:75,0
DA:78,2
DA:81,0
DA:85,0
DA:88,0
DA:89,0
LF:28
LH:5
end_of_record
SF:lib/product/extensions/datetime_extensions/datetime_extensions.dart
DA:5,0
LF:1
LH:0
end_of_record
SF:lib/product/extensions/duration_extensions/duration_extensions.dart
DA:6,2
LF:1
LH:1
end_of_record
SF:lib/product/extensions/generic_extensions/generic_extensions.dart
DA:6,16
LF:1
LH:1
end_of_record
SF:lib/product/extensions/int_extensions/int_extensions.dart
DA:4,2
DA:7,6
DA:10,6
DA:13,2
DA:16,2
DA:19,2
LF:6
LH:6
end_of_record
SF:lib/product/state/reactive/observable/observable.dart
DA:9,8
DA:14,5
DA:15,5
DA:16,10
DA:20,5
DA:21,5
DA:22,10
DA:23,10
DA:24,5
DA:29,5
DA:30,10
DA:37,2
DA:39,2
DA:40,6
DA:41,2
DA:45,10
DA:47,5
DA:48,10
DA:55,5
DA:56,10
DA:57,5
DA:61,2
DA:63,4
DA:64,2
DA:65,2
DA:71,1
DA:72,2
DA:73,1
LF:28
LH:28
end_of_record
SF:lib/product/state/reactive/notifier/notifier.dart
DA:9,5
DA:14,10
DA:19,5
DA:20,15
DA:24,5
DA:25,10
DA:26,5
DA:27,5
DA:28,5
DA:29,5
DA:32,5
DA:37,5
DA:38,5
DA:39,5
DA:40,10
DA:41,1
DA:43,5
LF:17
LH:17
end_of_record
SF:lib/product/mixins/dock_single_ticker_provider_mixin.dart
DA:11,1
DA:14,2
DA:15,1
DA:18,0
DA:19,0
DA:20,0
DA:21,0
DA:27,1
DA:28,4
DA:29,1
DA:30,1
DA:31,1
DA:34,1
DA:37,2
DA:38,3
DA:41,0
DA:42,0
DA:43,0
DA:44,0
DA:48,0
DA:53,0
DA:55,1
DA:56,3
DA:57,1
DA:58,1
DA:63,1
DA:64,1
DA:65,4
DA:69,1
DA:70,2
DA:71,2
DA:74,1
DA:75,2
DA:76,1
LF:34
LH:24
end_of_record
SF:lib/product/mixins/dock_ticker_provider_mixin.dart
DA:11,1
DA:13,1
DA:15,1
DA:17,1
DA:18,1
DA:19,6
DA:20,2
DA:24,0
DA:25,0
DA:26,0
DA:27,0
DA:32,0
DA:33,0
DA:34,0
DA:35,0
DA:36,0
DA:41,1
DA:42,2
DA:43,2
DA:46,1
DA:47,2
DA:48,1
DA:51,1
DA:54,2
DA:55,1
DA:56,3
DA:57,1
DA:58,0
DA:59,0
DA:60,0
DA:61,0
DA:65,0
DA:70,0
DA:76,1
DA:77,3
DA:78,1
DA:79,1
DA:88,1
DA:92,0
DA:94,0
DA:95,0
LF:41
LH:23
end_of_record
SF:lib/product/state/primitive/docker/docker.dart
DA:9,1
DA:15,4
DA:17,1
DA:19,5
DA:21,1
DA:24,1
DA:26,3
LF:7
LH:7
end_of_record
SF:lib/product/state/reactive/notifier/notify_data.dart
DA:9,5
LF:1
LH:1
end_of_record
SF:lib/product/state/reactive/observer/observer_error.dart
DA:3,1
DA:5,1
LF:2
LH:2
end_of_record
SF:lib/product/state/reactive/observer/observer.dart
DA:8,5
DA:12,5
DA:13,5
DA:15,5
DA:17,10
LF:5
LH:5
end_of_record
SF:lib/product/state/reactive/observer/observer_stateless_element.dart
DA:11,5
DA:15,5
DA:17,10
DA:18,5
DA:21,5
DA:23,15
DA:24,5
DA:26,10
DA:27,5
DA:28,5
DA:32,2
DA:33,2
DA:34,4
DA:35,2
DA:37,0
DA:42,5
DA:44,10
DA:45,15
LF:18
LH:17
end_of_record
SF:lib/product/utils/animations/animation_base.dart
DA:6,0
DA:17,0
DA:20,0
DA:21,0
DA:22,0
DA:23,0
DA:24,0
DA:25,0
DA:26,0
DA:27,0
DA:29,0
DA:32,0
DA:33,0
DA:42,0
DA:44,0
DA:45,0
DA:47,0
DA:48,0
DA:49,0
DA:50,0
DA:53,0
DA:56,0
DA:58,0
DA:59,0
DA:62,0
DA:64,0
DA:65,0
DA:66,0
DA:67,0
DA:69,0
LF:30
LH:0
end_of_record
SF:lib/product/utils/animations/animation_types.dart
DA:5,0
DA:14,0
DA:15,0
DA:16,0
LF:4
LH:0
end_of_record
SF:lib/product/utils/auto_sized_text/auto_sized_text.dart
DA:31,2
DA:46,2
DA:62,1
DA:63,1
DA:64,1
DA:65,3
DA:66,3
DA:68,1
DA:69,0
DA:71,2
DA:72,0
DA:75,2
DA:76,2
DA:77,2
DA:78,3
DA:79,1
DA:80,3
DA:81,2
DA:82,2
DA:97,1
DA:99,1
DA:100,1
DA:101,1
DA:109,1
DA:112,1
DA:113,1
DA:117,0
DA:121,0
DA:123,0
DA:124,0
DA:125,0
DA:126,0
DA:127,0
DA:128,0
DA:129,0
DA:130,0
DA:131,0
DA:132,0
DA:133,0
DA:134,0
DA:135,0
DA:136,0
DA:137,0
DA:138,0
DA:141,0
DA:142,0
DA:143,0
DA:144,0
DA:145,0
DA:146,0
DA:147,0
DA:148,0
DA:149,0
DA:152,0
DA:154,0
DA:159,1
DA:173,1
DA:174,1
DA:182,1
DA:209,1
DA:211,2
DA:212,1
DA:215,0
DA:217,0
DA:218,0
DA:221,1
DA:222,12
DA:225,0
DA:227,1
DA:229,1
DA:230,4
DA:231,1
DA:232,2
DA:233,2
DA:234,1
DA:236,2
DA:238,3
DA:239,3
DA:240,1
DA:241,2
DA:242,1
DA:243,1
DA:245,3
DA:248,2
DA:249,3
DA:251,1
DA:252,2
DA:253,1
DA:254,1
DA:256,3
DA:258,1
DA:265,5
DA:267,1
DA:268,1
DA:269,1
DA:270,0
DA:271,0
DA:272,1
DA:273,0
DA:274,1
DA:275,1
DA:276,0
DA:277,0
DA:278,0
DA:279,0
DA:280,0
DA:281,0
DA:282,0
DA:283,0
DA:284,0
DA:287,0
DA:288,0
DA:290,0
DA:291,0
DA:292,0
DA:293,0
DA:295,0
DA:296,0
DA:297,0
DA:298,0
DA:301,0
DA:302,0
DA:303,0
DA:304,0
DA:305,0
DA:306,0
DA:309,0
DA:312,1
DA:313,1
DA:317,1
DA:319,1
DA:320,2
DA:321,1
DA:322,0
DA:324,2
DA:326,2
DA:328,3
DA:330,1
DA:331,1
DA:332,0
DA:333,0
DA:334,0
DA:335,0
DA:336,0
DA:338,2
DA:342,1
DA:344,1
DA:346,2
DA:347,2
DA:348,1
DA:351,0
DA:353,0
DA:355,0
DA:356,0
DA:358,0
DA:359,0
DA:360,0
DA:361,0
DA:362,0
DA:363,0
DA:364,0
DA:365,0
DA:366,0
DA:367,0
DA:368,0
DA:369,0
LF:166
LH:80
end_of_record
SF:lib/product/utils/blank/widget/blank_widget.dart
DA:6,12
DA:10,0
DA:12,0
DA:13,0
DA:16,0
DA:18,0
DA:20,0
DA:21,0
DA:28,0
DA:33,0
DA:34,0
DA:36,0
DA:38,0
DA:39,0
DA:45,0
DA:50,0
DA:51,0
DA:52,0
DA:53,0
DA:54,0
DA:56,0
DA:59,0
DA:60,0
DA:61,0
DA:62,0
DA:64,0
DA:69,0
DA:71,0
DA:74,0
DA:76,0
DA:79,0
DA:80,0
DA:81,0
DA:84,0
DA:86,0
DA:89,0
DA:91,0
LF:37
LH:1
end_of_record
SF:lib/product/utils/blank/widget/sliver_blank_widget.dart
DA:5,0
DA:9,0
DA:11,0
DA:12,0
DA:15,0
DA:16,0
DA:18,0
DA:20,0
DA:21,0
DA:27,0
DA:31,0
DA:32,0
DA:33,0
DA:36,0
DA:38,0
DA:39,0
DA:40,0
DA:42,0
DA:43,0
LF:19
LH:0
end_of_record
SF:lib/product/utils/blur/blurred.dart
DA:6,0
DA:21,0
DA:23,0
DA:24,0
DA:25,0
DA:26,0
DA:27,0
DA:28,0
DA:29,0
DA:30,0
DA:31,0
DA:32,0
DA:35,0
LF:13
LH:0
end_of_record
SF:lib/product/utils/logger/logger.dart
DA:11,4
DA:14,4
DA:15,0
DA:16,4
DA:17,2
DA:18,3
DA:19,0
DA:20,3
DA:21,0
DA:22,3
DA:23,0
DA:24,3
DA:25,0
DA:26,3
DA:27,0
DA:28,3
DA:29,6
LF:17
LH:11
end_of_record
SF:lib/product/utils/overlay_manager/dock_toast/dock_toast.dart
DA:8,0
DA:40,0
DA:43,0
DA:46,0
DA:49,0
DA:52,0
DA:55,0
DA:58,0
DA:61,0
DA:64,0
DA:67,0
DA:70,0
DA:73,0
DA:76,0
DA:79,0
DA:82,0
DA:84,0
DA:86,0
DA:87,0
DA:92,0
DA:93,0
DA:94,0
DA:95,0
DA:96,0
DA:97,0
DA:98,0
DA:99,0
DA:101,0
DA:102,0
DA:103,0
DA:104,0
DA:105,0
DA:106,0
DA:107,0
DA:108,0
DA:109,0
DA:112,0
DA:113,0
DA:114,0
DA:115,0
DA:116,0
DA:117,0
DA:118,0
DA:119,0
DA:120,0
DA:121,0
DA:122,0
DA:124,0
DA:125,0
DA:126,0
DA:127,0
DA:131,0
DA:132,0
DA:133,0
DA:134,0
DA:135,0
DA:138,0
DA:139,0
DA:140,0
DA:143,0
DA:144,0
DA:145,0
DA:146,0
DA:147,0
DA:149,0
DA:150,0
DA:151,0
DA:152,0
DA:153,0
LF:69
LH:0
end_of_record
SF:lib/product/utils/overlay_manager/overlay_manager.dart
DA:15,0
DA:30,0
DA:47,0
DA:69,0
DA:86,0
DA:87,0
DA:88,0
DA:89,0
DA:90,0
DA:93,0
DA:95,0
DA:96,0
DA:100,0
DA:101,0
DA:102,0
DA:111,0
DA:114,0
DA:116,0
DA:117,0
DA:118,0
DA:130,0
DA:131,0
DA:135,0
DA:137,0
DA:138,0
DA:139,0
DA:143,0
DA:144,0
DA:145,0
DA:146,0
DA:147,0
DA:148,0
DA:149,0
DA:150,0
DA:151,0
DA:177,0
DA:181,0
DA:183,0
LF:38
LH:0
end_of_record
SF:lib/product/utils/popup_manager/popup_manager.dart
DA:6,0
DA:22,0
DA:29,0
DA:30,0
DA:31,0
DA:33,0
DA:34,0
DA:37,0
DA:40,0
DA:42,0
DA:47,0
DA:48,0
DA:53,0
DA:55,0
DA:56,0
DA:58,0
DA:59,0
DA:60,0
DA:61,0
DA:63,0
DA:64,0
LF:21
LH:0
end_of_record
